<?xml version="1.0" encoding="UTF-8"?>
<!-- Generated by org.testng.reporters.JUnitReportReporter -->
<testsuite hostname="sandeep" failures="0" tests="1" name="Testcases.NewUserSignup" time="33.632" errors="0" timestamp="2024-08-02T12:19:45 EDT" skipped="0">
  <testcase classname="Testcases.NewUserSignup" name="newUserSignup" time="33.632"/>
  <system-out/>
</testsuite> <!-- Testcases.NewUserSignup -->
