<?xml version="1.0" encoding="UTF-8"?>
<!-- Generated by org.testng.reporters.JUnitReportReporter -->
<testsuite hostname="sandeep" failures="0" tests="1" name="Testcases.NewUserSignup" time="37.724" errors="0" timestamp="2024-07-25T12:02:42 EDT" skipped="0">
  <testcase classname="Testcases.NewUserSignup" name="newUserSignup" time="37.724"/>
  <system-out/>
</testsuite> <!-- Testcases.NewUserSignup -->
