<?xml version="1.0" encoding="UTF-8"?>
<!-- Generated by org.testng.reporters.JUnitReportReporter -->
<testsuite hostname="sandeep" failures="0" tests="1" name="Testcases.LoginToYourAccount" time="20.815" errors="0" timestamp="2024-07-25T12:02:42 EDT" skipped="0">
  <testcase classname="Testcases.LoginToYourAccount" name="loginToYourAccount" time="20.815"/>
  <system-out/>
</testsuite> <!-- Testcases.LoginToYourAccount -->
