<?xml version="1.0" encoding="UTF-8"?>
<!-- Generated by org.testng.reporters.JUnitReportReporter -->
<testsuite hostname="sandeep" failures="0" tests="1" name="Testcases.LoginToYourAccount" time="22.011" errors="0" timestamp="2024-07-30T12:15:28 EDT" skipped="0">
  <testcase classname="Testcases.LoginToYourAccount" name="loginToYourAccount" time="22.011"/>
  <system-out/>
</testsuite> <!-- Testcases.LoginToYourAccount -->
