<?xml version="1.0" encoding="UTF-8"?>
<!-- Generated by org.testng.reporters.JUnitReportReporter -->
<testsuite hostname="sandeep" failures="0" tests="1" name="Testcases.NewUserSignup" time="38.647" errors="0" timestamp="2024-07-30T12:23:21 EDT" skipped="0">
  <testcase classname="Testcases.NewUserSignup" name="newUserSignup" time="38.647"/>
</testsuite> <!-- Testcases.NewUserSignup -->
