<?xml version="1.0" encoding="UTF-8"?>
<!-- Generated by org.testng.reporters.JUnitReportReporter -->
<testsuite hostname="sandeep" failures="0" tests="1" name="Testcases.LoginToYourAccount" time="22.409" errors="0" timestamp="2024-07-25T12:06:31 EDT" skipped="0">
  <testcase classname="Testcases.LoginToYourAccount" name="loginToYourAccount" time="22.409"/>
</testsuite> <!-- Testcases.LoginToYourAccount -->
